The device features of TC332LP are not fully unlocked. See https://kb.tasking.com/KB/76/Article/521
LOADING	App
LOADING	C:\Users\Hajji\MTU_test_workspace\MTU_Tests_single_core\UPLOAD\export\Workspace\iLLD_TC334_ADS_DSPR_MBIST\TriCore Debug (TASKING)\iLLD_TC334_ADS_DSPR_MBIST.elf
EMULATION	Probe - System; Root
EMULATION	Initial debug frequency set
EMULATION	Asserting reset
EMULATION	Finished connecting to SoC
EMULATION	Releasing reset
EMULATION	Initialization script (if any) done
No RAM which needs initialization found
EMULATION	Final debug frequency set
EMULATION	SoC identification match OK
SoC	Detected device: TC330 series, rev. AA
EMULATION	STARTED
PROGRAMMING 	13191 bytes
Image checker	Startup address check is disabled.
PROGRAMMING	Infineon TC33x_PFLASH_2MB (1 sectors)
EMULATION	END - Without cleanup
EMULATION	Initial debug frequency set
EMULATION	Asserting reset
EMULATION	Finished connecting to SoC
EMULATION	Releasing reset
EMULATION	Initialization script (if any) done
EMULATION	Final debug frequency set
EMULATION	SoC identification match OK
SoC	Detected device: TC330 series, rev. AA
EMULATION	STARTED
EMULATION	END - Without cleanup
EMULATION	Initial debug frequency set
EMULATION	Asserting reset
EMULATION	Finished connecting to SoC
EMULATION	Releasing reset
EMULATION	Initialization script (if any) done
EMULATION	Final debug frequency set
EMULATION	SoC identification match OK
SoC	Detected device: TC330 series, rev. AA
EMULATION	STARTED
EMULATION	END - Without cleanup
